<?xml version="1.0" encoding="UTF-8"?>
<!-- Generated by org.testng.reporters.JUnitReportReporter -->
<testsuite hostname="DESKTOP-V3O9M40" name="Validatevisitor.CompleteValidateVisitor" tests="23" failures="0" timestamp="4 Jun 2019 14:14:52 GMT" time="42.988" errors="0">
  <testcase name="visitorinvalidToken" time="1.628" classname="Validatevisitor.CompleteValidateVisitor"/>
  <testcase name="getVisitorlastactivityData" time="1.745" classname="Validatevisitor.CompleteValidateVisitor"/>
  <testcase name="ValidatevisitorMobile" time="1.701" classname="Validatevisitor.CompleteValidateVisitor"/>
  <testcase name="invalidMeetingWith" time="1.573" classname="Validatevisitor.CompleteValidateVisitor"/>
  <testcase name="MeetingWithTest" time="1.780" classname="Validatevisitor.CompleteValidateVisitor"/>
  <testcase name="invalidToken" time="1.701" classname="Validatevisitor.CompleteValidateVisitor"/>
  <testcase name="ValidatevisitorvalidQR" time="1.702" classname="Validatevisitor.CompleteValidateVisitor"/>
  <testcase name="getlastactivityDatainvalidUser" time="1.596" classname="Validatevisitor.CompleteValidateVisitor"/>
  <testcase name="getlastactivityDatainvalidactivitytype" time="1.616" classname="Validatevisitor.CompleteValidateVisitor"/>
  <testcase name="getVisitorWFDATAinvalidworkflow" time="1.887" classname="Validatevisitor.CompleteValidateVisitor"/>
  <testcase name="ValidatevisitorEmail" time="1.698" classname="Validatevisitor.CompleteValidateVisitor"/>
  <testcase name="terminalinvalidUsername" time="1.754" classname="Validatevisitor.CompleteValidateVisitor"/>
  <testcase name="getVisitorWorkflowdata" time="1.620" classname="Validatevisitor.CompleteValidateVisitor"/>
  <testcase name="Validatevisitorinvalidactivity" time="1.653" classname="Validatevisitor.CompleteValidateVisitor"/>
  <testcase name="getVisitorWFDATAinvalidVisitor" time="2.058" classname="Validatevisitor.CompleteValidateVisitor"/>
  <testcase name="getVisitorWFDATAinvalidactivityType" time="1.638" classname="Validatevisitor.CompleteValidateVisitor"/>
  <testcase name="terminalinvalidPasssword" time="1.666" classname="Validatevisitor.CompleteValidateVisitor"/>
  <testcase name="terminalLogin" time="5.414" classname="Validatevisitor.CompleteValidateVisitor"/>
  <testcase name="ValidatevisitorinvalidPhone" time="1.715" classname="Validatevisitor.CompleteValidateVisitor"/>
  <testcase name="ValidatevisitorinvalidEmail" time="1.652" classname="Validatevisitor.CompleteValidateVisitor"/>
  <testcase name="ValidatevisitorinvalidQR" time="1.656" classname="Validatevisitor.CompleteValidateVisitor"/>
  <testcase name="getVisitorlastactivityDatainvalidToken" time="1.808" classname="Validatevisitor.CompleteValidateVisitor"/>
  <testcase name="getVisitorWFDATAinvalidToken" time="1.727" classname="Validatevisitor.CompleteValidateVisitor"/>
</testsuite> <!-- Validatevisitor.CompleteValidateVisitor -->
